STAR version=2.7.1a
STAR compilation time,server,dir=Tue May 14 12:14:27 EDT 2019 vega:/home/dobin/data/STAR/STARcode/STAR.master/source
##### DEFAULT parameters:
versionGenome                     2.7.1a
parametersFiles                   -   
sysShell                          -
runMode                           alignReads
runThreadN                        1
runDirPerm                        User_RWX
runRNGseed                        777
genomeDir                         ./GenomeDir/
genomeLoad                        NoSharedMemory
genomeFastaFiles                  -   
genomeChainFiles                  -   
genomeSAindexNbases               14
genomeChrBinNbits                 18
genomeSAsparseD                   1
genomeSuffixLengthMax             18446744073709551615
genomeFileSizes                   0   
genomeConsensusFile               -
readFilesType                     Fastx   
readFilesIn                       Read1   Read2   
readFilesPrefix                   -
readFilesCommand                  -   
readMatesLengthsIn                NotEqual
readMapNumber                     18446744073709551615
readNameSeparator                 /   
inputBAMfile                      -
bamRemoveDuplicatesType           -
bamRemoveDuplicatesMate2basesN    0
limitGenomeGenerateRAM            31000000000
limitIObufferSize                 150000000
limitOutSAMoneReadBytes           100000
limitOutSJcollapsed               1000000
limitOutSJoneRead                 1000
limitBAMsortRAM                   0
limitSjdbInsertNsj                1000000
limitNreadsSoft                   18446744073709551615
outFileNamePrefix                 ./
outTmpDir                         -
outTmpKeep                        None
outStd                            Log
outReadsUnmapped                  None
outQSconversionAdd                0
outMultimapperOrder               Old_2.4
outSAMtype                        SAM   
outSAMmode                        Full
outSAMstrandField                 None
outSAMattributes                  Standard   
outSAMunmapped                    None   
outSAMorder                       Paired
outSAMprimaryFlag                 OneBestScore
outSAMreadID                      Standard
outSAMmapqUnique                  255
outSAMflagOR                      0
outSAMflagAND                     65535
outSAMattrRGline                  -   
outSAMheaderHD                    -   
outSAMheaderPG                    -   
outSAMheaderCommentFile           -
outBAMcompression                 1
outBAMsortingThreadN              0
outBAMsortingBinsN                50
outSAMfilter                      None   
outSAMmultNmax                    18446744073709551615
outSAMattrIHstart                 1
outSAMtlen                        1
outSJfilterReads                  All
outSJfilterCountUniqueMin         3   1   1   1   
outSJfilterCountTotalMin          3   1   1   1   
outSJfilterOverhangMin            30   12   12   12   
outSJfilterDistToOtherSJmin       10   0   5   10   
outSJfilterIntronMaxVsReadN       50000   100000   200000   
outWigType                        None   
outWigStrand                      Stranded   
outWigReferencesPrefix            -
outWigNorm                        RPM   
outFilterType                     Normal
outFilterMultimapNmax             10
outFilterMultimapScoreRange       1
outFilterScoreMin                 0
outFilterScoreMinOverLread        0.66
outFilterMatchNmin                0
outFilterMatchNminOverLread       0.66
outFilterMismatchNmax             10
outFilterMismatchNoverLmax        0.3
outFilterMismatchNoverReadLmax    1
outFilterIntronMotifs             None
outFilterIntronStrands            RemoveInconsistentStrands
clip5pNbases                      0   
clip3pNbases                      0   
clip3pAfterAdapterNbases          0   
clip3pAdapterSeq                  -   
clip3pAdapterMMp                  0.1   
winBinNbits                       16
winAnchorDistNbins                9
winFlankNbins                     4
winAnchorMultimapNmax             50
winReadCoverageRelativeMin        0.5
winReadCoverageBasesMin           0
scoreGap                          0
scoreGapNoncan                    -8
scoreGapGCAG                      -4
scoreGapATAC                      -8
scoreStitchSJshift                1
scoreGenomicLengthLog2scale       -0.25
scoreDelBase                      -2
scoreDelOpen                      -2
scoreInsOpen                      -2
scoreInsBase                      -2
seedSearchLmax                    0
seedSearchStartLmax               50
seedSearchStartLmaxOverLread      1
seedPerReadNmax                   1000
seedPerWindowNmax                 50
seedNoneLociPerWindow             10
seedMultimapNmax                  10000
seedSplitMin                      12
alignIntronMin                    21
alignIntronMax                    0
alignMatesGapMax                  0
alignTranscriptsPerReadNmax       10000
alignSJoverhangMin                5
alignSJDBoverhangMin              3
alignSJstitchMismatchNmax         0   -1   0   0   
alignSplicedMateMapLmin           0
alignSplicedMateMapLminOverLmate    0.66
alignWindowsPerReadNmax           10000
alignTranscriptsPerWindowNmax     100
alignEndsType                     Local
alignSoftClipAtReferenceEnds      Yes
alignEndsProtrude                 0   ConcordantPair   
alignInsertionFlush               None
peOverlapNbasesMin                0
peOverlapMMp                      0.01
chimSegmentMin                    0
chimScoreMin                      0
chimScoreDropMax                  20
chimScoreSeparation               10
chimScoreJunctionNonGTAG          -1
chimMainSegmentMultNmax           10
chimJunctionOverhangMin           20
chimOutType                       Junctions   
chimFilter                        banGenomicN   
chimSegmentReadGapMax             0
chimMultimapNmax                  0
chimMultimapScoreRange            1
chimNonchimScoreDropMin           20
chimOutJunctionFormat             0   
sjdbFileChrStartEnd               -   
sjdbGTFfile                       -
sjdbGTFchrPrefix                  -
sjdbGTFfeatureExon                exon
sjdbGTFtagExonParentTranscript    transcript_id
sjdbGTFtagExonParentGene          gene_id
sjdbGTFtagExonParentGeneName      gene_name   
sjdbGTFtagExonParentGeneType      gene_type   gene_biotype   
sjdbOverhang                      100
sjdbScore                         2
sjdbInsertSave                    Basic
varVCFfile                        -
waspOutputMode                    None
quantMode                         -   
quantTranscriptomeBAMcompression    1
quantTranscriptomeBan             IndelSoftclipSingleend
twopass1readsN                    18446744073709551615
twopassMode                       None
soloType                          None
soloCBstart                       1
soloUMIstart                      17
soloCBlen                         16
soloUMIlen                        10
soloBarcodeReadLength             1
soloCBwhitelist                   -
soloStrand                        Forward
soloOutFileNames                  Solo.out/   genes.tsv   barcodes.tsv   matrix.mtx   matrixSJ.mtx   matrixGeneFull.mtx   
soloFeatures                      Gene   
soloUMIdedup                      1MM_All   
##### Command Line:
STAR --runThreadN 4 --runMode genomeGenerate --genomeDir ../reference_genome/index --genomeFastaFiles ../reference_genome/GCA_000814975.1_MAN_1.0_genomic.fna --genomeSAindexNbases 11 --sjdbGTFfile ../reference_genome/GCA_000814975.1_MAN_1.0_genomic.gtf --sjdbOverhang 75-1
##### Initial USER parameters from Command Line:
###### All USER parameters from Command Line:
runThreadN                    4     ~RE-DEFINED
runMode                       genomeGenerate     ~RE-DEFINED
genomeDir                     ../reference_genome/index     ~RE-DEFINED
genomeFastaFiles              ../reference_genome/GCA_000814975.1_MAN_1.0_genomic.fna        ~RE-DEFINED
genomeSAindexNbases           11     ~RE-DEFINED
sjdbGTFfile                   ../reference_genome/GCA_000814975.1_MAN_1.0_genomic.gtf     ~RE-DEFINED
sjdbOverhang                  75     ~RE-DEFINED
##### Finished reading parameters from all sources

##### Final user re-defined parameters-----------------:
runMode                           genomeGenerate
runThreadN                        4
genomeDir                         ../reference_genome/index
genomeFastaFiles                  ../reference_genome/GCA_000814975.1_MAN_1.0_genomic.fna   
genomeSAindexNbases               11
sjdbGTFfile                       ../reference_genome/GCA_000814975.1_MAN_1.0_genomic.gtf
sjdbOverhang                      75

-------------------------------
##### Final effective command line:
STAR   --runMode genomeGenerate   --runThreadN 4   --genomeDir ../reference_genome/index   --genomeFastaFiles ../reference_genome/GCA_000814975.1_MAN_1.0_genomic.fna      --genomeSAindexNbases 11   --sjdbGTFfile ../reference_genome/GCA_000814975.1_MAN_1.0_genomic.gtf   --sjdbOverhang 75

##### Final parameters after user input--------------------------------:
versionGenome                     2.7.1a
parametersFiles                   -   
sysShell                          -
runMode                           genomeGenerate
runThreadN                        4
runDirPerm                        User_RWX
runRNGseed                        777
genomeDir                         ../reference_genome/index
genomeLoad                        NoSharedMemory
genomeFastaFiles                  ../reference_genome/GCA_000814975.1_MAN_1.0_genomic.fna   
genomeChainFiles                  -   
genomeSAindexNbases               11
genomeChrBinNbits                 18
genomeSAsparseD                   1
genomeSuffixLengthMax             18446744073709551615
genomeFileSizes                   0   
genomeConsensusFile               -
readFilesType                     Fastx   
readFilesIn                       Read1   Read2   
readFilesPrefix                   -
readFilesCommand                  -   
readMatesLengthsIn                NotEqual
readMapNumber                     18446744073709551615
readNameSeparator                 /   
inputBAMfile                      -
bamRemoveDuplicatesType           -
bamRemoveDuplicatesMate2basesN    0
limitGenomeGenerateRAM            31000000000
limitIObufferSize                 150000000
limitOutSAMoneReadBytes           100000
limitOutSJcollapsed               1000000
limitOutSJoneRead                 1000
limitBAMsortRAM                   0
limitSjdbInsertNsj                1000000
limitNreadsSoft                   18446744073709551615
outFileNamePrefix                 ./
outTmpDir                         -
outTmpKeep                        None
outStd                            Log
outReadsUnmapped                  None
outQSconversionAdd                0
outMultimapperOrder               Old_2.4
outSAMtype                        SAM   
outSAMmode                        Full
outSAMstrandField                 None
outSAMattributes                  Standard   
outSAMunmapped                    None   
outSAMorder                       Paired
outSAMprimaryFlag                 OneBestScore
outSAMreadID                      Standard
outSAMmapqUnique                  255
outSAMflagOR                      0
outSAMflagAND                     65535
outSAMattrRGline                  -   
outSAMheaderHD                    -   
outSAMheaderPG                    -   
outSAMheaderCommentFile           -
outBAMcompression                 1
outBAMsortingThreadN              0
outBAMsortingBinsN                50
outSAMfilter                      None   
outSAMmultNmax                    18446744073709551615
outSAMattrIHstart                 1
outSAMtlen                        1
outSJfilterReads                  All
outSJfilterCountUniqueMin         3   1   1   1   
outSJfilterCountTotalMin          3   1   1   1   
outSJfilterOverhangMin            30   12   12   12   
outSJfilterDistToOtherSJmin       10   0   5   10   
outSJfilterIntronMaxVsReadN       50000   100000   200000   
outWigType                        None   
outWigStrand                      Stranded   
outWigReferencesPrefix            -
outWigNorm                        RPM   
outFilterType                     Normal
outFilterMultimapNmax             10
outFilterMultimapScoreRange       1
outFilterScoreMin                 0
outFilterScoreMinOverLread        0.66
outFilterMatchNmin                0
outFilterMatchNminOverLread       0.66
outFilterMismatchNmax             10
outFilterMismatchNoverLmax        0.3
outFilterMismatchNoverReadLmax    1
outFilterIntronMotifs             None
outFilterIntronStrands            RemoveInconsistentStrands
clip5pNbases                      0   
clip3pNbases                      0   
clip3pAfterAdapterNbases          0   
clip3pAdapterSeq                  -   
clip3pAdapterMMp                  0.1   
winBinNbits                       16
winAnchorDistNbins                9
winFlankNbins                     4
winAnchorMultimapNmax             50
winReadCoverageRelativeMin        0.5
winReadCoverageBasesMin           0
scoreGap                          0
scoreGapNoncan                    -8
scoreGapGCAG                      -4
scoreGapATAC                      -8
scoreStitchSJshift                1
scoreGenomicLengthLog2scale       -0.25
scoreDelBase                      -2
scoreDelOpen                      -2
scoreInsOpen                      -2
scoreInsBase                      -2
seedSearchLmax                    0
seedSearchStartLmax               50
seedSearchStartLmaxOverLread      1
seedPerReadNmax                   1000
seedPerWindowNmax                 50
seedNoneLociPerWindow             10
seedMultimapNmax                  10000
seedSplitMin                      12
alignIntronMin                    21
alignIntronMax                    0
alignMatesGapMax                  0
alignTranscriptsPerReadNmax       10000
alignSJoverhangMin                5
alignSJDBoverhangMin              3
alignSJstitchMismatchNmax         0   -1   0   0   
alignSplicedMateMapLmin           0
alignSplicedMateMapLminOverLmate    0.66
alignWindowsPerReadNmax           10000
alignTranscriptsPerWindowNmax     100
alignEndsType                     Local
alignSoftClipAtReferenceEnds      Yes
alignEndsProtrude                 0   ConcordantPair   
alignInsertionFlush               None
peOverlapNbasesMin                0
peOverlapMMp                      0.01
chimSegmentMin                    0
chimScoreMin                      0
chimScoreDropMax                  20
chimScoreSeparation               10
chimScoreJunctionNonGTAG          -1
chimMainSegmentMultNmax           10
chimJunctionOverhangMin           20
chimOutType                       Junctions   
chimFilter                        banGenomicN   
chimSegmentReadGapMax             0
chimMultimapNmax                  0
chimMultimapScoreRange            1
chimNonchimScoreDropMin           20
chimOutJunctionFormat             0   
sjdbFileChrStartEnd               -   
sjdbGTFfile                       ../reference_genome/GCA_000814975.1_MAN_1.0_genomic.gtf
sjdbGTFchrPrefix                  -
sjdbGTFfeatureExon                exon
sjdbGTFtagExonParentTranscript    transcript_id
sjdbGTFtagExonParentGene          gene_id
sjdbGTFtagExonParentGeneName      gene_name   
sjdbGTFtagExonParentGeneType      gene_type   gene_biotype   
sjdbOverhang                      75
sjdbScore                         2
sjdbInsertSave                    Basic
varVCFfile                        -
waspOutputMode                    None
quantMode                         -   
quantTranscriptomeBAMcompression    1
quantTranscriptomeBan             IndelSoftclipSingleend
twopass1readsN                    18446744073709551615
twopassMode                       None
soloType                          None
soloCBstart                       1
soloUMIstart                      17
soloCBlen                         16
soloUMIlen                        10
soloBarcodeReadLength             1
soloCBwhitelist                   -
soloStrand                        Forward
soloOutFileNames                  Solo.out/   genes.tsv   barcodes.tsv   matrix.mtx   matrixSJ.mtx   matrixGeneFull.mtx   
soloFeatures                      Gene   
soloUMIdedup                      1MM_All   
----------------------------------------

Finished loading and checking parameters
Aug 05 12:59:05 ... starting to generate Genome files
../reference_genome/GCA_000814975.1_MAN_1.0_genomic.fna : chr # 0  "AZNF01000001.1" chrStart: 0
../reference_genome/GCA_000814975.1_MAN_1.0_genomic.fna : chr # 1  "AZNF01000010.1" chrStart: 5505024
../reference_genome/GCA_000814975.1_MAN_1.0_genomic.fna : chr # 2  "AZNF01000011.1" chrStart: 7340032
../reference_genome/GCA_000814975.1_MAN_1.0_genomic.fna : chr # 3  "AZNF01000012.1" chrStart: 8912896
../reference_genome/GCA_000814975.1_MAN_1.0_genomic.fna : chr # 4  "AZNF01000013.1" chrStart: 10223616
../reference_genome/GCA_000814975.1_MAN_1.0_genomic.fna : chr # 5  "AZNF01000014.1" chrStart: 11272192
../reference_genome/GCA_000814975.1_MAN_1.0_genomic.fna : chr # 6  "AZNF01000015.1" chrStart: 12320768
../reference_genome/GCA_000814975.1_MAN_1.0_genomic.fna : chr # 7  "AZNF01000016.1" chrStart: 13369344
../reference_genome/GCA_000814975.1_MAN_1.0_genomic.fna : chr # 8  "AZNF01000017.1" chrStart: 14155776
../reference_genome/GCA_000814975.1_MAN_1.0_genomic.fna : chr # 9  "AZNF01000018.1" chrStart: 14942208
../reference_genome/GCA_000814975.1_MAN_1.0_genomic.fna : chr # 10  "AZNF01000019.1" chrStart: 15728640
../reference_genome/GCA_000814975.1_MAN_1.0_genomic.fna : chr # 11  "AZNF01000002.1" chrStart: 16515072
../reference_genome/GCA_000814975.1_MAN_1.0_genomic.fna : chr # 12  "AZNF01000020.1" chrStart: 20971520
../reference_genome/GCA_000814975.1_MAN_1.0_genomic.fna : chr # 13  "AZNF01000021.1" chrStart: 21495808
../reference_genome/GCA_000814975.1_MAN_1.0_genomic.fna : chr # 14  "AZNF01000022.1" chrStart: 22020096
../reference_genome/GCA_000814975.1_MAN_1.0_genomic.fna : chr # 15  "AZNF01000023.1" chrStart: 22544384
../reference_genome/GCA_000814975.1_MAN_1.0_genomic.fna : chr # 16  "AZNF01000024.1" chrStart: 23068672
../reference_genome/GCA_000814975.1_MAN_1.0_genomic.fna : chr # 17  "AZNF01000025.1" chrStart: 23592960
../reference_genome/GCA_000814975.1_MAN_1.0_genomic.fna : chr # 18  "AZNF01000026.1" chrStart: 23855104
../reference_genome/GCA_000814975.1_MAN_1.0_genomic.fna : chr # 19  "AZNF01000027.1" chrStart: 24117248
../reference_genome/GCA_000814975.1_MAN_1.0_genomic.fna : chr # 20  "AZNF01000028.1" chrStart: 24379392
../reference_genome/GCA_000814975.1_MAN_1.0_genomic.fna : chr # 21  "AZNF01000029.1" chrStart: 24641536
../reference_genome/GCA_000814975.1_MAN_1.0_genomic.fna : chr # 22  "AZNF01000003.1" chrStart: 24903680
../reference_genome/GCA_000814975.1_MAN_1.0_genomic.fna : chr # 23  "AZNF01000030.1" chrStart: 28573696
../reference_genome/GCA_000814975.1_MAN_1.0_genomic.fna : chr # 24  "AZNF01000031.1" chrStart: 28835840
../reference_genome/GCA_000814975.1_MAN_1.0_genomic.fna : chr # 25  "AZNF01000032.1" chrStart: 29097984
../reference_genome/GCA_000814975.1_MAN_1.0_genomic.fna : chr # 26  "AZNF01000033.1" chrStart: 29360128
../reference_genome/GCA_000814975.1_MAN_1.0_genomic.fna : chr # 27  "AZNF01000034.1" chrStart: 29622272
../reference_genome/GCA_000814975.1_MAN_1.0_genomic.fna : chr # 28  "AZNF01000035.1" chrStart: 29884416
../reference_genome/GCA_000814975.1_MAN_1.0_genomic.fna : chr # 29  "AZNF01000036.1" chrStart: 30146560
../reference_genome/GCA_000814975.1_MAN_1.0_genomic.fna : chr # 30  "AZNF01000037.1" chrStart: 30408704
../reference_genome/GCA_000814975.1_MAN_1.0_genomic.fna : chr # 31  "AZNF01000038.1" chrStart: 30670848
../reference_genome/GCA_000814975.1_MAN_1.0_genomic.fna : chr # 32  "AZNF01000039.1" chrStart: 30932992
../reference_genome/GCA_000814975.1_MAN_1.0_genomic.fna : chr # 33  "AZNF01000004.1" chrStart: 31195136
../reference_genome/GCA_000814975.1_MAN_1.0_genomic.fna : chr # 34  "AZNF01000040.1" chrStart: 34078720
../reference_genome/GCA_000814975.1_MAN_1.0_genomic.fna : chr # 35  "AZNF01000041.1" chrStart: 34340864
../reference_genome/GCA_000814975.1_MAN_1.0_genomic.fna : chr # 36  "AZNF01000042.1" chrStart: 34603008
../reference_genome/GCA_000814975.1_MAN_1.0_genomic.fna : chr # 37  "AZNF01000043.1" chrStart: 34865152
../reference_genome/GCA_000814975.1_MAN_1.0_genomic.fna : chr # 38  "AZNF01000044.1" chrStart: 35127296
../reference_genome/GCA_000814975.1_MAN_1.0_genomic.fna : chr # 39  "AZNF01000045.1" chrStart: 35389440
../reference_genome/GCA_000814975.1_MAN_1.0_genomic.fna : chr # 40  "AZNF01000046.1" chrStart: 35651584
../reference_genome/GCA_000814975.1_MAN_1.0_genomic.fna : chr # 41  "AZNF01000047.1" chrStart: 35913728
../reference_genome/GCA_000814975.1_MAN_1.0_genomic.fna : chr # 42  "AZNF01000048.1" chrStart: 36175872
../reference_genome/GCA_000814975.1_MAN_1.0_genomic.fna : chr # 43  "AZNF01000049.1" chrStart: 36438016
../reference_genome/GCA_000814975.1_MAN_1.0_genomic.fna : chr # 44  "AZNF01000005.1" chrStart: 36700160
../reference_genome/GCA_000814975.1_MAN_1.0_genomic.fna : chr # 45  "AZNF01000050.1" chrStart: 39059456
../reference_genome/GCA_000814975.1_MAN_1.0_genomic.fna : chr # 46  "AZNF01000051.1" chrStart: 39321600
../reference_genome/GCA_000814975.1_MAN_1.0_genomic.fna : chr # 47  "AZNF01000052.1" chrStart: 39583744
../reference_genome/GCA_000814975.1_MAN_1.0_genomic.fna : chr # 48  "AZNF01000053.1" chrStart: 39845888
../reference_genome/GCA_000814975.1_MAN_1.0_genomic.fna : chr # 49  "AZNF01000054.1" chrStart: 40108032
../reference_genome/GCA_000814975.1_MAN_1.0_genomic.fna : chr # 50  "AZNF01000055.1" chrStart: 40370176
../reference_genome/GCA_000814975.1_MAN_1.0_genomic.fna : chr # 51  "AZNF01000056.1" chrStart: 40632320
../reference_genome/GCA_000814975.1_MAN_1.0_genomic.fna : chr # 52  "AZNF01000057.1" chrStart: 40894464
../reference_genome/GCA_000814975.1_MAN_1.0_genomic.fna : chr # 53  "AZNF01000058.1" chrStart: 41156608
../reference_genome/GCA_000814975.1_MAN_1.0_genomic.fna : chr # 54  "AZNF01000059.1" chrStart: 41418752
../reference_genome/GCA_000814975.1_MAN_1.0_genomic.fna : chr # 55  "AZNF01000006.1" chrStart: 41680896
../reference_genome/GCA_000814975.1_MAN_1.0_genomic.fna : chr # 56  "AZNF01000060.1" chrStart: 43778048
../reference_genome/GCA_000814975.1_MAN_1.0_genomic.fna : chr # 57  "AZNF01000061.1" chrStart: 44040192
../reference_genome/GCA_000814975.1_MAN_1.0_genomic.fna : chr # 58  "AZNF01000062.1" chrStart: 44302336
../reference_genome/GCA_000814975.1_MAN_1.0_genomic.fna : chr # 59  "AZNF01000063.1" chrStart: 44564480
../reference_genome/GCA_000814975.1_MAN_1.0_genomic.fna : chr # 60  "AZNF01000064.1" chrStart: 44826624
../reference_genome/GCA_000814975.1_MAN_1.0_genomic.fna : chr # 61  "AZNF01000065.1" chrStart: 45088768
../reference_genome/GCA_000814975.1_MAN_1.0_genomic.fna : chr # 62  "AZNF01000066.1" chrStart: 45350912
../reference_genome/GCA_000814975.1_MAN_1.0_genomic.fna : chr # 63  "AZNF01000067.1" chrStart: 45613056
../reference_genome/GCA_000814975.1_MAN_1.0_genomic.fna : chr # 64  "AZNF01000068.1" chrStart: 45875200
../reference_genome/GCA_000814975.1_MAN_1.0_genomic.fna : chr # 65  "AZNF01000069.1" chrStart: 46137344
../reference_genome/GCA_000814975.1_MAN_1.0_genomic.fna : chr # 66  "AZNF01000007.1" chrStart: 46399488
../reference_genome/GCA_000814975.1_MAN_1.0_genomic.fna : chr # 67  "AZNF01000070.1" chrStart: 48496640
../reference_genome/GCA_000814975.1_MAN_1.0_genomic.fna : chr # 68  "AZNF01000071.1" chrStart: 48758784
../reference_genome/GCA_000814975.1_MAN_1.0_genomic.fna : chr # 69  "AZNF01000072.1" chrStart: 49020928
../reference_genome/GCA_000814975.1_MAN_1.0_genomic.fna : chr # 70  "AZNF01000073.1" chrStart: 49283072
../reference_genome/GCA_000814975.1_MAN_1.0_genomic.fna : chr # 71  "AZNF01000074.1" chrStart: 49545216
../reference_genome/GCA_000814975.1_MAN_1.0_genomic.fna : chr # 72  "AZNF01000008.1" chrStart: 49807360
../reference_genome/GCA_000814975.1_MAN_1.0_genomic.fna : chr # 73  "AZNF01000009.1" chrStart: 51642368
Estimated genome size=204477376   53477376   151000000
GstrandBit=32
Number of SA indices: 76650722
Aug 05 12:59:06 ... starting to sort Suffix Array. This may take a long time...
Number of chunks: 4;   chunks size limit: 204401920 bytes
Aug 05 12:59:06 ... sorting Suffix Array chunks and saving them to disk...
Writing 3531592 bytes into ../reference_genome/index/SA_3 ; empty space on disk = 518112108544 bytes ... done
Writing 202513264 bytes into ../reference_genome/index/SA_0 ; empty space on disk = 518108569600 bytes ... done
Writing 204293152 bytes into ../reference_genome/index/SA_2 ; empty space on disk = 517906055168 bytes ... done
Writing 202867768 bytes into ../reference_genome/index/SA_1 ; empty space on disk = 517701758976 bytes ... done
Aug 05 12:59:22 ... loading chunks from disk, packing SA...
Aug 05 12:59:25 ... finished generating suffix array
Aug 05 12:59:25 ... generating Suffix Array index
Aug 05 12:59:29 ... completed Suffix Array index
Aug 05 12:59:29 ..... processing annotations GTF
Processing pGe.sjdbGTFfile=../reference_genome/GCA_000814975.1_MAN_1.0_genomic.gtf, found:
		10891 transcripts
		28113 exons (non-collapsed)
		17222 collapsed junctions
Aug 05 12:59:29 ..... finished GTF processing
Aug 05 12:59:29   Loaded database junctions from the GTF file: ../reference_genome/GCA_000814975.1_MAN_1.0_genomic.gtf: 17222 total junctions

Aug 05 12:59:29   Finished preparing junctions
Aug 05 12:59:29 ..... inserting junctions into the genome indices
Aug 05 12:59:32   Finished SA search: number of new junctions=17222, old junctions=0
Aug 05 12:59:34   Finished sorting SA indicesL nInd=5166514
Genome size with junctions=56077898  53477376   2600522
GstrandBit1=32   GstrandBit=32
Aug 05 12:59:35   Finished inserting junction indices
Aug 05 12:59:35   Finished SAi
Aug 05 12:59:35 ..... finished inserting junctions into genome
Aug 05 12:59:35 ... writing Genome to disk ...
Writing 56077898 bytes into ../reference_genome/index/Genome ; empty space on disk = 518108397568 bytes ... done
SA size in bytes: 337496102
Aug 05 12:59:35 ... writing Suffix Array to disk ...
Writing 337496102 bytes into ../reference_genome/index/SA ; empty space on disk = 518052319232 bytes ... done
Aug 05 12:59:36 ... writing SAindex to disk
Writing 8 bytes into ../reference_genome/index/SAindex ; empty space on disk = 517714821120 bytes ... done
Writing 96 bytes into ../reference_genome/index/SAindex ; empty space on disk = 517714821120 bytes ... done
Writing 24466771 bytes into ../reference_genome/index/SAindex ; empty space on disk = 517714821120 bytes ... done
Aug 05 12:59:36 ..... finished successfully
DONE: Genome generation, EXITING
